<?xml version="1.0" encoding="UTF-8"?>
<testng-results skipped="0" failed="1" total="1" passed="0">
  <reporter-output>
  </reporter-output>
  <suite name="Default suite" duration-ms="36" started-at="2017-03-15T02:34:29Z" finished-at="2017-03-15T02:34:29Z">
    <groups>
    </groups>
    <test name="Default test" duration-ms="36" started-at="2017-03-15T02:34:29Z" finished-at="2017-03-15T02:34:29Z">
      <class name="com.delta.flightstatus.DeltaFlightStatus.TestFlightStatus">
        <test-method status="FAIL" signature="testFlightStatus()[pri:0, instance:com.delta.flightstatus.DeltaFlightStatus.TestFlightStatus@29774679]" name="testFlightStatus" duration-ms="19" started-at="2017-03-14T22:34:29Z" finished-at="2017-03-14T22:34:29Z">
          <exception class="java.lang.NullPointerException">
            <full-stacktrace>
              <![CDATA[java.lang.NullPointerException
	at com.delta.flightstatus.DeltaFlightStatus.CreateKeyWords.openBrowser(CreateKeyWords.java:64)
	at com.delta.flightstatus.DeltaFlightStatus.ExecuteKeyWords.executeFlightStatus(ExecuteKeyWords.java:19)
	at com.delta.flightstatus.DeltaFlightStatus.TestFlightStatus.testFlightStatus(TestFlightStatus.java:15)
	at sun.reflect.NativeMethodAccessorImpl.invoke0(Native Method)
	at sun.reflect.NativeMethodAccessorImpl.invoke(NativeMethodAccessorImpl.java:62)
	at sun.reflect.DelegatingMethodAccessorImpl.invoke(DelegatingMethodAccessorImpl.java:43)
	at java.lang.reflect.Method.invoke(Method.java:498)
	at org.testng.internal.MethodInvocationHelper.invokeMethod(MethodInvocationHelper.java:85)
	at org.testng.internal.Invoker.invokeMethod(Invoker.java:639)
	at org.testng.internal.Invoker.invokeTestMethod(Invoker.java:821)
	at org.testng.internal.Invoker.invokeTestMethods(Invoker.java:1131)
	at org.testng.internal.TestMethodWorker.invokeTestMethods(TestMethodWorker.java:124)
	at org.testng.internal.TestMethodWorker.run(TestMethodWorker.java:108)
	at org.testng.TestRunner.privateRun(TestRunner.java:773)
	at org.testng.TestRunner.run(TestRunner.java:623)
	at org.testng.SuiteRunner.runTest(SuiteRunner.java:357)
	at org.testng.SuiteRunner.runSequentially(SuiteRunner.java:352)
	at org.testng.SuiteRunner.privateRun(SuiteRunner.java:310)
	at org.testng.SuiteRunner.run(SuiteRunner.java:259)
	at org.testng.SuiteRunnerWorker.runSuite(SuiteRunnerWorker.java:52)
	at org.testng.SuiteRunnerWorker.run(SuiteRunnerWorker.java:86)
	at org.testng.TestNG.runSuitesSequentially(TestNG.java:1185)
	at org.testng.TestNG.runSuitesLocally(TestNG.java:1110)
	at org.testng.TestNG.run(TestNG.java:1018)
	at org.testng.remote.AbstractRemoteTestNG.run(AbstractRemoteTestNG.java:132)
	at org.testng.remote.RemoteTestNG.initAndRun(RemoteTestNG.java:236)
	at org.testng.remote.RemoteTestNG.main(RemoteTestNG.java:81)
]]>
            </full-stacktrace>
          </exception> <!-- java.lang.NullPointerException -->
          <reporter-output>
          </reporter-output>
        </test-method> <!-- testFlightStatus -->
      </class> <!-- com.delta.flightstatus.DeltaFlightStatus.TestFlightStatus -->
    </test> <!-- Default test -->
  </suite> <!-- Default suite -->
</testng-results>
